{"/Users/fextur/Workshop/Fullstack/Fullstack-Course/src/app.ts": {"path":"/Users/fextur/Workshop/Fullstack/Fullstack-Course/src/app.ts","statementMap":{"0":{"start":{"line":1,"column":0},"end":{"line":1,"column":30}},"1":{"start":{"line":2,"column":0},"end":{"line":2,"column":28}},"2":{"start":{"line":3,"column":0},"end":{"line":3,"column":37}},"3":{"start":{"line":4,"column":0},"end":{"line":4,"column":36}},"4":{"start":{"line":5,"column":0},"end":{"line":5,"column":51}},"5":{"start":{"line":6,"column":0},"end":{"line":6,"column":45}},"6":{"start":{"line":7,"column":0},"end":{"line":7,"column":36}},"7":{"start":{"line":8,"column":0},"end":{"line":8,"column":48}},"8":{"start":{"line":10,"column":0},"end":{"line":10,"column":16}},"9":{"start":{"line":11,"column":12},"end":{"line":11,"column":21}},"10":{"start":{"line":13,"column":0},"end":{"line":13,"column":27}},"11":{"start":{"line":14,"column":0},"end":{"line":14,"column":51}},"12":{"start":{"line":16,"column":0},"end":{"line":16,"column":12}},"13":{"start":{"line":18,"column":0},"end":{"line":20,"column":3}},"14":{"start":{"line":19,"column":4},"end":{"line":19,"column":29}},"15":{"start":{"line":21,"column":0},"end":{"line":21,"column":29}},"16":{"start":{"line":22,"column":0},"end":{"line":22,"column":35}},"17":{"start":{"line":23,"column":0},"end":{"line":23,"column":68}},"18":{"start":{"line":25,"column":0},"end":{"line":25,"column":19}}},"fnMap":{"0":{"name":"(anonymous_10)","decl":{"start":{"line":18,"column":13},"end":{"line":18,"column":14}},"loc":{"start":{"line":18,"column":27},"end":{"line":20,"column":1}}}},"branchMap":{},"s":{"0":2,"1":2,"2":2,"3":2,"4":2,"5":2,"6":2,"7":2,"8":2,"9":2,"10":2,"11":2,"12":2,"13":2,"14":0,"15":2,"16":2,"17":2,"18":2},"f":{"0":0},"b":{}}
,"/Users/fextur/Workshop/Fullstack/Fullstack-Course/src/swagger.ts": {"path":"/Users/fextur/Workshop/Fullstack/Fullstack-Course/src/swagger.ts","statementMap":{"0":{"start":{"line":1,"column":0},"end":{"line":1,"column":41}},"1":{"start":{"line":3,"column":23},"end":{"line":18,"column":2}},"2":{"start":{"line":20,"column":20},"end":{"line":20,"column":48}},"3":{"start":{"line":21,"column":0},"end":{"line":21,"column":27}}},"fnMap":{},"branchMap":{},"s":{"0":2,"1":2,"2":2,"3":2},"f":{},"b":{}}
,"/Users/fextur/Workshop/Fullstack/Fullstack-Course/src/utils.ts": {"path":"/Users/fextur/Workshop/Fullstack/Fullstack-Course/src/utils.ts","statementMap":{"0":{"start":{"line":1,"column":27},"end":{"line":6,"column":1}},"1":{"start":{"line":2,"column":4},"end":{"line":4,"column":5}},"2":{"start":{"line":3,"column":8},"end":{"line":3,"column":27}},"3":{"start":{"line":5,"column":4},"end":{"line":5,"column":42}},"4":{"start":{"line":1,"column":13},"end":{"line":1,"column":27}}},"fnMap":{"0":{"name":"(anonymous_0)","decl":{"start":{"line":1,"column":27},"end":{"line":1,"column":28}},"loc":{"start":{"line":1,"column":52},"end":{"line":6,"column":1}}}},"branchMap":{"0":{"loc":{"start":{"line":2,"column":4},"end":{"line":4,"column":5}},"type":"if","locations":[{"start":{"line":2,"column":4},"end":{"line":4,"column":5}}]}},"s":{"0":2,"1":0,"2":0,"3":0,"4":2},"f":{"0":0},"b":{"0":[0]}}
,"/Users/fextur/Workshop/Fullstack/Fullstack-Course/src/Config/db.ts": {"path":"/Users/fextur/Workshop/Fullstack/Fullstack-Course/src/Config/db.ts","statementMap":{"0":{"start":{"line":1,"column":0},"end":{"line":1,"column":32}},"1":{"start":{"line":3,"column":18},"end":{"line":15,"column":2}},"2":{"start":{"line":3,"column":44},"end":{"line":15,"column":2}},"3":{"start":{"line":4,"column":4},"end":{"line":14,"column":5}},"4":{"start":{"line":5,"column":8},"end":{"line":5,"column":60}},"5":{"start":{"line":6,"column":8},"end":{"line":6,"column":41}},"6":{"start":{"line":8,"column":8},"end":{"line":12,"column":9}},"7":{"start":{"line":9,"column":12},"end":{"line":9,"column":71}},"8":{"start":{"line":11,"column":12},"end":{"line":11,"column":52}},"9":{"start":{"line":13,"column":8},"end":{"line":13,"column":24}},"10":{"start":{"line":17,"column":0},"end":{"line":17,"column":25}}},"fnMap":{"0":{"name":"(anonymous_8)","decl":{"start":{"line":3,"column":18},"end":{"line":3,"column":42}},"loc":{"start":{"line":3,"column":44},"end":{"line":15,"column":2}}},"1":{"name":"(anonymous_9)","decl":{"start":{"line":3,"column":44},"end":{"line":3,"column":null}},"loc":{"start":{"line":3,"column":44},"end":{"line":15,"column":1}}}},"branchMap":{"0":{"loc":{"start":{"line":5,"column":31},"end":{"line":5,"column":58}},"type":"binary-expr","locations":[{"start":{"line":5,"column":31},"end":{"line":5,"column":52}},{"start":{"line":5,"column":56},"end":{"line":5,"column":58}}]},"1":{"loc":{"start":{"line":8,"column":8},"end":{"line":12,"column":9}},"type":"if","locations":[{"start":{"line":8,"column":8},"end":{"line":12,"column":9}},{"start":{"line":10,"column":15},"end":{"line":12,"column":9}}]}},"s":{"0":2,"1":2,"2":2,"3":2,"4":2,"5":2,"6":0,"7":0,"8":0,"9":0,"10":2},"f":{"0":2,"1":2},"b":{"0":[2,0],"1":[0,0]}}
,"/Users/fextur/Workshop/Fullstack/Fullstack-Course/src/Controllers/commentController.ts": {"path":"/Users/fextur/Workshop/Fullstack/Fullstack-Course/src/Controllers/commentController.ts","statementMap":{"0":{"start":{"line":1,"column":0},"end":{"line":1,"column":40}},"1":{"start":{"line":2,"column":0},"end":{"line":2,"column":39}},"2":{"start":{"line":7,"column":29},"end":{"line":18,"column":2}},"3":{"start":{"line":7,"column":82},"end":{"line":18,"column":2}},"4":{"start":{"line":8,"column":4},"end":{"line":17,"column":5}},"5":{"start":{"line":9,"column":44},"end":{"line":9,"column":52}},"6":{"start":{"line":11,"column":24},"end":{"line":11,"column":64}},"7":{"start":{"line":12,"column":8},"end":{"line":12,"column":29}},"8":{"start":{"line":14,"column":8},"end":{"line":14,"column":38}},"9":{"start":{"line":16,"column":8},"end":{"line":16,"column":58}},"10":{"start":{"line":7,"column":13},"end":{"line":7,"column":29}},"11":{"start":{"line":20,"column":30},"end":{"line":27,"column":2}},"12":{"start":{"line":20,"column":83},"end":{"line":27,"column":2}},"13":{"start":{"line":21,"column":4},"end":{"line":26,"column":5}},"14":{"start":{"line":22,"column":25},"end":{"line":22,"column":45}},"15":{"start":{"line":23,"column":8},"end":{"line":23,"column":39}},"16":{"start":{"line":25,"column":8},"end":{"line":25,"column":58}},"17":{"start":{"line":20,"column":13},"end":{"line":20,"column":30}},"18":{"start":{"line":29,"column":29},"end":{"line":49,"column":2}},"19":{"start":{"line":29,"column":82},"end":{"line":49,"column":2}},"20":{"start":{"line":30,"column":4},"end":{"line":48,"column":5}},"21":{"start":{"line":31,"column":23},"end":{"line":31,"column":33}},"22":{"start":{"line":32,"column":36},"end":{"line":32,"column":44}},"23":{"start":{"line":34,"column":24},"end":{"line":37,"column":null}},"24":{"start":{"line":40,"column":8},"end":{"line":43,"column":9}},"25":{"start":{"line":41,"column":12},"end":{"line":41,"column":65}},"26":{"start":{"line":42,"column":12},"end":{"line":42,"column":19}},"27":{"start":{"line":45,"column":8},"end":{"line":45,"column":38}},"28":{"start":{"line":47,"column":8},"end":{"line":47,"column":58}},"29":{"start":{"line":29,"column":13},"end":{"line":29,"column":29}},"30":{"start":{"line":51,"column":29},"end":{"line":66,"column":2}},"31":{"start":{"line":51,"column":82},"end":{"line":66,"column":2}},"32":{"start":{"line":52,"column":4},"end":{"line":65,"column":5}},"33":{"start":{"line":53,"column":23},"end":{"line":53,"column":33}},"34":{"start":{"line":55,"column":24},"end":{"line":55,"column":59}},"35":{"start":{"line":57,"column":8},"end":{"line":60,"column":9}},"36":{"start":{"line":58,"column":12},"end":{"line":58,"column":65}},"37":{"start":{"line":59,"column":12},"end":{"line":59,"column":19}},"38":{"start":{"line":62,"column":8},"end":{"line":62,"column":74}},"39":{"start":{"line":64,"column":8},"end":{"line":64,"column":58}},"40":{"start":{"line":51,"column":13},"end":{"line":51,"column":29}},"41":{"start":{"line":68,"column":35},"end":{"line":77,"column":2}},"42":{"start":{"line":68,"column":88},"end":{"line":77,"column":2}},"43":{"start":{"line":69,"column":4},"end":{"line":76,"column":5}},"44":{"start":{"line":70,"column":27},"end":{"line":70,"column":37}},"45":{"start":{"line":72,"column":25},"end":{"line":72,"column":55}},"46":{"start":{"line":73,"column":8},"end":{"line":73,"column":39}},"47":{"start":{"line":75,"column":8},"end":{"line":75,"column":58}},"48":{"start":{"line":68,"column":13},"end":{"line":68,"column":35}}},"fnMap":{"0":{"name":"(anonymous_8)","decl":{"start":{"line":7,"column":29},"end":{"line":7,"column":36}},"loc":{"start":{"line":7,"column":82},"end":{"line":18,"column":2}}},"1":{"name":"(anonymous_9)","decl":{"start":{"line":7,"column":82},"end":{"line":7,"column":null}},"loc":{"start":{"line":7,"column":82},"end":{"line":18,"column":1}}},"2":{"name":"(anonymous_10)","decl":{"start":{"line":20,"column":30},"end":{"line":20,"column":37}},"loc":{"start":{"line":20,"column":83},"end":{"line":27,"column":2}}},"3":{"name":"(anonymous_11)","decl":{"start":{"line":20,"column":83},"end":{"line":20,"column":null}},"loc":{"start":{"line":20,"column":83},"end":{"line":27,"column":1}}},"4":{"name":"(anonymous_12)","decl":{"start":{"line":29,"column":29},"end":{"line":29,"column":36}},"loc":{"start":{"line":29,"column":82},"end":{"line":49,"column":2}}},"5":{"name":"(anonymous_13)","decl":{"start":{"line":29,"column":82},"end":{"line":29,"column":null}},"loc":{"start":{"line":29,"column":82},"end":{"line":49,"column":1}}},"6":{"name":"(anonymous_14)","decl":{"start":{"line":51,"column":29},"end":{"line":51,"column":36}},"loc":{"start":{"line":51,"column":82},"end":{"line":66,"column":2}}},"7":{"name":"(anonymous_15)","decl":{"start":{"line":51,"column":82},"end":{"line":51,"column":null}},"loc":{"start":{"line":51,"column":82},"end":{"line":66,"column":1}}},"8":{"name":"(anonymous_16)","decl":{"start":{"line":68,"column":35},"end":{"line":68,"column":42}},"loc":{"start":{"line":68,"column":88},"end":{"line":77,"column":2}}},"9":{"name":"(anonymous_17)","decl":{"start":{"line":68,"column":88},"end":{"line":68,"column":null}},"loc":{"start":{"line":68,"column":88},"end":{"line":77,"column":1}}}},"branchMap":{"0":{"loc":{"start":{"line":40,"column":8},"end":{"line":43,"column":9}},"type":"if","locations":[{"start":{"line":40,"column":8},"end":{"line":43,"column":9}}]},"1":{"loc":{"start":{"line":57,"column":8},"end":{"line":60,"column":9}},"type":"if","locations":[{"start":{"line":57,"column":8},"end":{"line":60,"column":9}}]}},"s":{"0":2,"1":2,"2":2,"3":1,"4":1,"5":1,"6":1,"7":1,"8":1,"9":0,"10":2,"11":2,"12":1,"13":1,"14":1,"15":1,"16":0,"17":2,"18":2,"19":2,"20":2,"21":2,"22":2,"23":2,"24":2,"25":1,"26":1,"27":1,"28":0,"29":2,"30":2,"31":2,"32":2,"33":2,"34":2,"35":2,"36":1,"37":1,"38":1,"39":0,"40":2,"41":2,"42":1,"43":1,"44":1,"45":1,"46":1,"47":0,"48":2},"f":{"0":1,"1":1,"2":1,"3":1,"4":2,"5":2,"6":2,"7":2,"8":1,"9":1},"b":{"0":[1],"1":[1]}}
,"/Users/fextur/Workshop/Fullstack/Fullstack-Course/src/Controllers/postController.ts": {"path":"/Users/fextur/Workshop/Fullstack/Fullstack-Course/src/Controllers/postController.ts","statementMap":{"0":{"start":{"line":2,"column":0},"end":{"line":2,"column":34}},"1":{"start":{"line":3,"column":0},"end":{"line":3,"column":39}},"2":{"start":{"line":5,"column":26},"end":{"line":14,"column":2}},"3":{"start":{"line":5,"column":79},"end":{"line":14,"column":2}},"4":{"start":{"line":6,"column":8},"end":{"line":13,"column":5}},"5":{"start":{"line":7,"column":43},"end":{"line":7,"column":51}},"6":{"start":{"line":8,"column":21},"end":{"line":8,"column":57}},"7":{"start":{"line":9,"column":8},"end":{"line":9,"column":26}},"8":{"start":{"line":10,"column":8},"end":{"line":10,"column":35}},"9":{"start":{"line":12,"column":8},"end":{"line":12,"column":58}},"10":{"start":{"line":5,"column":13},"end":{"line":5,"column":26}},"11":{"start":{"line":16,"column":27},"end":{"line":23,"column":2}},"12":{"start":{"line":16,"column":80},"end":{"line":23,"column":2}},"13":{"start":{"line":17,"column":4},"end":{"line":22,"column":5}},"14":{"start":{"line":18,"column":22},"end":{"line":18,"column":39}},"15":{"start":{"line":19,"column":8},"end":{"line":19,"column":36}},"16":{"start":{"line":21,"column":8},"end":{"line":21,"column":59}},"17":{"start":{"line":16,"column":13},"end":{"line":16,"column":27}},"18":{"start":{"line":25,"column":27},"end":{"line":36,"column":2}},"19":{"start":{"line":25,"column":80},"end":{"line":36,"column":2}},"20":{"start":{"line":26,"column":4},"end":{"line":35,"column":5}},"21":{"start":{"line":27,"column":21},"end":{"line":27,"column":55}},"22":{"start":{"line":28,"column":8},"end":{"line":31,"column":9}},"23":{"start":{"line":29,"column":12},"end":{"line":29,"column":62}},"24":{"start":{"line":30,"column":12},"end":{"line":30,"column":19}},"25":{"start":{"line":32,"column":8},"end":{"line":32,"column":35}},"26":{"start":{"line":34,"column":8},"end":{"line":34,"column":59}},"27":{"start":{"line":25,"column":13},"end":{"line":25,"column":27}},"28":{"start":{"line":38,"column":32},"end":{"line":50,"column":2}},"29":{"start":{"line":38,"column":85},"end":{"line":50,"column":2}},"30":{"start":{"line":39,"column":4},"end":{"line":49,"column":5}},"31":{"start":{"line":40,"column":27},"end":{"line":40,"column":36}},"32":{"start":{"line":41,"column":8},"end":{"line":44,"column":9}},"33":{"start":{"line":42,"column":12},"end":{"line":42,"column":69}},"34":{"start":{"line":43,"column":12},"end":{"line":43,"column":19}},"35":{"start":{"line":45,"column":22},"end":{"line":45,"column":49}},"36":{"start":{"line":46,"column":8},"end":{"line":46,"column":36}},"37":{"start":{"line":48,"column":8},"end":{"line":48,"column":59}},"38":{"start":{"line":38,"column":13},"end":{"line":38,"column":32}},"39":{"start":{"line":52,"column":26},"end":{"line":72,"column":2}},"40":{"start":{"line":52,"column":79},"end":{"line":72,"column":2}},"41":{"start":{"line":53,"column":4},"end":{"line":71,"column":5}},"42":{"start":{"line":54,"column":23},"end":{"line":54,"column":33}},"43":{"start":{"line":55,"column":43},"end":{"line":55,"column":51}},"44":{"start":{"line":57,"column":21},"end":{"line":60,"column":null}},"45":{"start":{"line":63,"column":8},"end":{"line":66,"column":9}},"46":{"start":{"line":64,"column":12},"end":{"line":64,"column":62}},"47":{"start":{"line":65,"column":12},"end":{"line":65,"column":19}},"48":{"start":{"line":68,"column":8},"end":{"line":68,"column":35}},"49":{"start":{"line":70,"column":8},"end":{"line":70,"column":59}},"50":{"start":{"line":52,"column":13},"end":{"line":52,"column":26}}},"fnMap":{"0":{"name":"(anonymous_8)","decl":{"start":{"line":5,"column":26},"end":{"line":5,"column":33}},"loc":{"start":{"line":5,"column":79},"end":{"line":14,"column":2}}},"1":{"name":"(anonymous_9)","decl":{"start":{"line":5,"column":79},"end":{"line":5,"column":null}},"loc":{"start":{"line":5,"column":79},"end":{"line":14,"column":1}}},"2":{"name":"(anonymous_10)","decl":{"start":{"line":16,"column":27},"end":{"line":16,"column":34}},"loc":{"start":{"line":16,"column":80},"end":{"line":23,"column":2}}},"3":{"name":"(anonymous_11)","decl":{"start":{"line":16,"column":80},"end":{"line":16,"column":null}},"loc":{"start":{"line":16,"column":80},"end":{"line":23,"column":1}}},"4":{"name":"(anonymous_12)","decl":{"start":{"line":25,"column":27},"end":{"line":25,"column":34}},"loc":{"start":{"line":25,"column":80},"end":{"line":36,"column":2}}},"5":{"name":"(anonymous_13)","decl":{"start":{"line":25,"column":80},"end":{"line":25,"column":null}},"loc":{"start":{"line":25,"column":80},"end":{"line":36,"column":1}}},"6":{"name":"(anonymous_14)","decl":{"start":{"line":38,"column":32},"end":{"line":38,"column":39}},"loc":{"start":{"line":38,"column":85},"end":{"line":50,"column":2}}},"7":{"name":"(anonymous_15)","decl":{"start":{"line":38,"column":85},"end":{"line":38,"column":null}},"loc":{"start":{"line":38,"column":85},"end":{"line":50,"column":1}}},"8":{"name":"(anonymous_16)","decl":{"start":{"line":52,"column":26},"end":{"line":52,"column":33}},"loc":{"start":{"line":52,"column":79},"end":{"line":72,"column":2}}},"9":{"name":"(anonymous_17)","decl":{"start":{"line":52,"column":79},"end":{"line":52,"column":null}},"loc":{"start":{"line":52,"column":79},"end":{"line":72,"column":1}}}},"branchMap":{"0":{"loc":{"start":{"line":28,"column":8},"end":{"line":31,"column":9}},"type":"if","locations":[{"start":{"line":28,"column":8},"end":{"line":31,"column":9}}]},"1":{"loc":{"start":{"line":41,"column":8},"end":{"line":44,"column":9}},"type":"if","locations":[{"start":{"line":41,"column":8},"end":{"line":44,"column":9}}]},"2":{"loc":{"start":{"line":63,"column":8},"end":{"line":66,"column":9}},"type":"if","locations":[{"start":{"line":63,"column":8},"end":{"line":66,"column":9}}]}},"s":{"0":2,"1":2,"2":2,"3":1,"4":1,"5":1,"6":1,"7":1,"8":1,"9":0,"10":2,"11":2,"12":1,"13":1,"14":1,"15":1,"16":0,"17":2,"18":2,"19":2,"20":2,"21":2,"22":2,"23":1,"24":1,"25":1,"26":0,"27":2,"28":2,"29":2,"30":2,"31":2,"32":2,"33":1,"34":1,"35":1,"36":1,"37":0,"38":2,"39":2,"40":2,"41":2,"42":2,"43":2,"44":2,"45":2,"46":1,"47":1,"48":1,"49":0,"50":2},"f":{"0":1,"1":1,"2":1,"3":1,"4":2,"5":2,"6":2,"7":2,"8":2,"9":2},"b":{"0":[1],"1":[1],"2":[1]}}
,"/Users/fextur/Workshop/Fullstack/Fullstack-Course/src/Models/Comment.ts": {"path":"/Users/fextur/Workshop/Fullstack/Fullstack-Course/src/Models/Comment.ts","statementMap":{"0":{"start":{"line":1,"column":0},"end":{"line":1,"column":54}},"1":{"start":{"line":9,"column":30},"end":{"line":13,"column":2}},"2":{"start":{"line":15,"column":0},"end":{"line":15,"column":66}}},"fnMap":{},"branchMap":{},"s":{"0":2,"1":2,"2":2},"f":{},"b":{}}
,"/Users/fextur/Workshop/Fullstack/Fullstack-Course/src/Models/Post.ts": {"path":"/Users/fextur/Workshop/Fullstack/Fullstack-Course/src/Models/Post.ts","statementMap":{"0":{"start":{"line":1,"column":0},"end":{"line":1,"column":54}},"1":{"start":{"line":9,"column":27},"end":{"line":13,"column":2}},"2":{"start":{"line":15,"column":0},"end":{"line":15,"column":57}}},"fnMap":{},"branchMap":{},"s":{"0":2,"1":2,"2":2},"f":{},"b":{}}
,"/Users/fextur/Workshop/Fullstack/Fullstack-Course/src/Routes/commentRoutes.ts": {"path":"/Users/fextur/Workshop/Fullstack/Fullstack-Course/src/Routes/commentRoutes.ts","statementMap":{"0":{"start":{"line":1,"column":0},"end":{"line":1,"column":42}},"1":{"start":{"line":2,"column":0},"end":{"line":2,"column":null}},"2":{"start":{"line":10,"column":23},"end":{"line":10,"column":39}},"3":{"start":{"line":61,"column":0},"end":{"line":61,"column":32}},"4":{"start":{"line":79,"column":0},"end":{"line":79,"column":32}},"5":{"start":{"line":110,"column":0},"end":{"line":110,"column":34}},"6":{"start":{"line":131,"column":0},"end":{"line":131,"column":37}},"7":{"start":{"line":158,"column":0},"end":{"line":158,"column":49}},"8":{"start":{"line":160,"column":0},"end":{"line":160,"column":22}}},"fnMap":{},"branchMap":{},"s":{"0":2,"1":2,"2":2,"3":2,"4":2,"5":2,"6":2,"7":2,"8":2},"f":{},"b":{}}
,"/Users/fextur/Workshop/Fullstack/Fullstack-Course/src/Routes/postRoutes.ts": {"path":"/Users/fextur/Workshop/Fullstack/Fullstack-Course/src/Routes/postRoutes.ts","statementMap":{"0":{"start":{"line":1,"column":0},"end":{"line":1,"column":42}},"1":{"start":{"line":2,"column":0},"end":{"line":2,"column":null}},"2":{"start":{"line":10,"column":23},"end":{"line":10,"column":39}},"3":{"start":{"line":62,"column":0},"end":{"line":62,"column":29}},"4":{"start":{"line":80,"column":0},"end":{"line":80,"column":29}},"5":{"start":{"line":107,"column":0},"end":{"line":107,"column":40}},"6":{"start":{"line":132,"column":0},"end":{"line":132,"column":32}},"7":{"start":{"line":163,"column":0},"end":{"line":163,"column":31}},"8":{"start":{"line":165,"column":0},"end":{"line":165,"column":22}}},"fnMap":{},"branchMap":{},"s":{"0":2,"1":2,"2":2,"3":2,"4":2,"5":2,"6":2,"7":2,"8":2},"f":{},"b":{}}
}
