TN:
SF:src/app.ts
FN:18,(anonymous_10)
FNF:1
FNH:0
FNDA:0,(anonymous_10)
DA:1,2
DA:2,2
DA:3,2
DA:4,2
DA:5,2
DA:6,2
DA:7,2
DA:8,2
DA:10,2
DA:11,2
DA:13,2
DA:14,2
DA:16,2
DA:18,2
DA:19,0
DA:21,2
DA:22,2
DA:23,2
DA:25,2
LF:19
LH:18
BRF:0
BRH:0
end_of_record
TN:
SF:src/swagger.ts
FNF:0
FNH:0
DA:1,2
DA:3,2
DA:20,2
DA:21,2
LF:4
LH:4
BRF:0
BRH:0
end_of_record
TN:
SF:src/utils.ts
FN:1,(anonymous_0)
FNF:1
FNH:0
FNDA:0,(anonymous_0)
DA:1,2
DA:2,0
DA:3,0
DA:5,0
LF:4
LH:1
BRDA:2,0,0,0
BRF:1
BRH:0
end_of_record
TN:
SF:src/Config/db.ts
FN:3,(anonymous_8)
FN:3,(anonymous_9)
FNF:2
FNH:2
FNDA:2,(anonymous_8)
FNDA:2,(anonymous_9)
DA:1,2
DA:3,2
DA:4,2
DA:5,2
DA:6,2
DA:8,0
DA:9,0
DA:11,0
DA:13,0
DA:17,2
LF:10
LH:6
BRDA:5,0,0,2
BRDA:5,0,1,0
BRDA:8,1,0,0
BRDA:8,1,1,0
BRF:4
BRH:1
end_of_record
TN:
SF:src/Controllers/commentController.ts
FN:7,(anonymous_8)
FN:7,(anonymous_9)
FN:20,(anonymous_10)
FN:20,(anonymous_11)
FN:29,(anonymous_12)
FN:29,(anonymous_13)
FN:51,(anonymous_14)
FN:51,(anonymous_15)
FN:68,(anonymous_16)
FN:68,(anonymous_17)
FNF:10
FNH:10
FNDA:1,(anonymous_8)
FNDA:1,(anonymous_9)
FNDA:1,(anonymous_10)
FNDA:1,(anonymous_11)
FNDA:2,(anonymous_12)
FNDA:2,(anonymous_13)
FNDA:2,(anonymous_14)
FNDA:2,(anonymous_15)
FNDA:1,(anonymous_16)
FNDA:1,(anonymous_17)
DA:1,2
DA:2,2
DA:7,2
DA:8,1
DA:9,1
DA:11,1
DA:12,1
DA:14,1
DA:16,0
DA:20,2
DA:21,1
DA:22,1
DA:23,1
DA:25,0
DA:29,2
DA:30,2
DA:31,2
DA:32,2
DA:34,2
DA:40,2
DA:41,1
DA:42,1
DA:45,1
DA:47,0
DA:51,2
DA:52,2
DA:53,2
DA:55,2
DA:57,2
DA:58,1
DA:59,1
DA:62,1
DA:64,0
DA:68,2
DA:69,1
DA:70,1
DA:72,1
DA:73,1
DA:75,0
LF:39
LH:34
BRDA:40,0,0,1
BRDA:57,1,0,1
BRF:2
BRH:2
end_of_record
TN:
SF:src/Controllers/postController.ts
FN:5,(anonymous_8)
FN:5,(anonymous_9)
FN:16,(anonymous_10)
FN:16,(anonymous_11)
FN:25,(anonymous_12)
FN:25,(anonymous_13)
FN:38,(anonymous_14)
FN:38,(anonymous_15)
FN:52,(anonymous_16)
FN:52,(anonymous_17)
FNF:10
FNH:10
FNDA:1,(anonymous_8)
FNDA:1,(anonymous_9)
FNDA:1,(anonymous_10)
FNDA:1,(anonymous_11)
FNDA:2,(anonymous_12)
FNDA:2,(anonymous_13)
FNDA:2,(anonymous_14)
FNDA:2,(anonymous_15)
FNDA:2,(anonymous_16)
FNDA:2,(anonymous_17)
DA:2,2
DA:3,2
DA:5,2
DA:6,1
DA:7,1
DA:8,1
DA:9,1
DA:10,1
DA:12,0
DA:16,2
DA:17,1
DA:18,1
DA:19,1
DA:21,0
DA:25,2
DA:26,2
DA:27,2
DA:28,2
DA:29,1
DA:30,1
DA:32,1
DA:34,0
DA:38,2
DA:39,2
DA:40,2
DA:41,2
DA:42,1
DA:43,1
DA:45,1
DA:46,1
DA:48,0
DA:52,2
DA:53,2
DA:54,2
DA:55,2
DA:57,2
DA:63,2
DA:64,1
DA:65,1
DA:68,1
DA:70,0
LF:41
LH:36
BRDA:28,0,0,1
BRDA:41,1,0,1
BRDA:63,2,0,1
BRF:3
BRH:3
end_of_record
TN:
SF:src/Models/Comment.ts
FNF:0
FNH:0
DA:1,2
DA:9,2
DA:15,2
LF:3
LH:3
BRF:0
BRH:0
end_of_record
TN:
SF:src/Models/Post.ts
FNF:0
FNH:0
DA:1,2
DA:9,2
DA:15,2
LF:3
LH:3
BRF:0
BRH:0
end_of_record
TN:
SF:src/Routes/commentRoutes.ts
FNF:0
FNH:0
DA:1,2
DA:2,2
DA:10,2
DA:61,2
DA:79,2
DA:110,2
DA:131,2
DA:158,2
DA:160,2
LF:9
LH:9
BRF:0
BRH:0
end_of_record
TN:
SF:src/Routes/postRoutes.ts
FNF:0
FNH:0
DA:1,2
DA:2,2
DA:10,2
DA:62,2
DA:80,2
DA:107,2
DA:132,2
DA:163,2
DA:165,2
LF:9
LH:9
BRF:0
BRH:0
end_of_record
